Flow report for DDR2_control
Wed Feb 28 23:47:13 2018
Quartus Prime Version 17.0.0 Build 595 04/25/2017 SJ Standard Edition


---------------------
; Table of Contents ;
---------------------
  1. Legal Notice
  2. Flow Summary
  3. Flow Settings
  4. Flow Non-Default Global Settings
  5. Flow Elapsed Time
  6. Flow OS Summary
  7. Flow Log
  8. Flow Messages
  9. Flow Suppressed Messages



----------------
; Legal Notice ;
----------------
Copyright (C) 2017  Intel Corporation. All rights reserved.
Your use of Intel Corporation's design tools, logic functions 
and other software and tools, and its AMPP partner logic 
functions, and any output files from any of the foregoing 
(including device programming or simulation files), and any 
associated documentation or information are expressly subject 
to the terms and conditions of the Intel Program License 
Subscription Agreement, the Intel Quartus Prime License Agreement,
the Intel MegaCore Function License Agreement, or other 
applicable license agreement, including, without limitation, 
that your use is for the sole purpose of programming logic 
devices manufactured by Intel and sold by Intel or its 
authorized distributors.  Please refer to the applicable 
agreement for further details.



+--------------------------------------------------------------------------------------+
; Flow Summary                                                                         ;
+------------------------------------+-------------------------------------------------+
; Flow Status                        ; Successful - Wed Feb 28 23:47:13 2018           ;
; Quartus Prime Version              ; 17.0.0 Build 595 04/25/2017 SJ Standard Edition ;
; Revision Name                      ; DDR2_control                                    ;
; Top-level Entity Name              ; DDR2_control                                    ;
; Family                             ; Cyclone IV E                                    ;
; Device                             ; EP4CE22F17C8                                    ;
; Timing Models                      ; Final                                           ;
; Total logic elements               ; 5,409 / 22,320 ( 24 % )                         ;
;     Total combinational functions  ; 4,671 / 22,320 ( 21 % )                         ;
;     Dedicated logic registers      ; 3,192 / 22,320 ( 14 % )                         ;
; Total registers                    ; 3298                                            ;
; Total pins                         ; 46 / 154 ( 30 % )                               ;
; Total virtual pins                 ; 0                                               ;
; Total memory bits                  ; 26,592 / 608,256 ( 4 % )                        ;
; Embedded Multiplier 9-bit elements ; 0 / 132 ( 0 % )                                 ;
; Total PLLs                         ; 2 / 4 ( 50 % )                                  ;
+------------------------------------+-------------------------------------------------+


+-----------------------------------------+
; Flow Settings                           ;
+-------------------+---------------------+
; Option            ; Setting             ;
+-------------------+---------------------+
; Start date & time ; 02/28/2018 23:16:05 ;
; Main task         ; Compilation         ;
; Revision Name     ; DDR2_control        ;
+-------------------+---------------------+


+---------------------------------------------------------------------------------------------------------------------------------+
; Flow Non-Default Global Settings                                                                                                ;
+-------------------------------------+--------------------------------------------+---------------+-------------+----------------+
; Assignment Name                     ; Value                                      ; Default Value ; Entity Name ; Section Id     ;
+-------------------------------------+--------------------------------------------+---------------+-------------+----------------+
; COMPILER_SIGNATURE_ID               ; 171921335903186.151983096511616            ; --            ; --          ; --             ;
; EDA_DESIGN_EXTRA_ALTERA_SIM_LIB     ; cycloneiii_ver                             ; --            ; --          ; eda_simulation ;
; EDA_OUTPUT_DATA_FORMAT              ; Verilog Hdl                                ; --            ; --          ; eda_simulation ;
; EDA_SIMULATION_TOOL                 ; ModelSim-Altera (Verilog)                  ; <None>        ; --          ; --             ;
; EDA_TIME_SCALE                      ; 1 ps                                       ; --            ; --          ; eda_simulation ;
; MAX_CORE_JUNCTION_TEMP              ; 85                                         ; --            ; --          ; --             ;
; MIN_CORE_JUNCTION_TEMP              ; 0                                          ; --            ; --          ; --             ;
; MISC_FILE                           ; onchipram_for_ddr_inst.v                   ; --            ; --          ; --             ;
; MISC_FILE                           ; onchipram_for_ddr_bb.v                     ; --            ; --          ; --             ;
; MISC_FILE                           ; ddr2_controller.v                          ; --            ; --          ; --             ;
; MISC_FILE                           ; ddr2_controller_bb.v                       ; --            ; --          ; --             ;
; MISC_FILE                           ; ddr2_controller.bsf                        ; --            ; --          ; --             ;
; MISC_FILE                           ; ddr2_controller.qip                        ; --            ; --          ; --             ;
; MISC_FILE                           ; ddr2_controller.html                       ; --            ; --          ; --             ;
; MISC_FILE                           ; ddr2_controller_example_driver.v           ; --            ; --          ; --             ;
; MISC_FILE                           ; ddr2_controller_example_top.v              ; --            ; --          ; --             ;
; MISC_FILE                           ; ddr2_controller_ex_lfsr8.v                 ; --            ; --          ; --             ;
; MISC_FILE                           ; testbench/ddr2_controller_example_top_tb.v ; --            ; --          ; --             ;
; MISC_FILE                           ; testbench/ddr2_controller_mem_model.v      ; --            ; --          ; --             ;
; MISC_FILE                           ; testbench/ddr2_controller_full_mem_model.v ; --            ; --          ; --             ;
; MISC_FILE                           ; ddr2_controller_pin_assignments.tcl        ; --            ; --          ; --             ;
; MISC_FILE                           ; pll_control_inst.v                         ; --            ; --          ; --             ;
; MISC_FILE                           ; pll_control_bb.v                           ; --            ; --          ; --             ;
; MISC_FILE                           ; pll_control.ppf                            ; --            ; --          ; --             ;
; NOMINAL_CORE_SUPPLY_VOLTAGE         ; 1.2V                                       ; --            ; --          ; --             ;
; PARTITION_COLOR                     ; -- (Not supported for targeted family)     ; --            ; --          ; Top            ;
; PARTITION_FITTER_PRESERVATION_LEVEL ; -- (Not supported for targeted family)     ; --            ; --          ; Top            ;
; PARTITION_NETLIST_TYPE              ; -- (Not supported for targeted family)     ; --            ; --          ; Top            ;
; PROJECT_OUTPUT_DIRECTORY            ; output_files                               ; --            ; --          ; --             ;
; SEARCH_PATH                         ; .                                          ; --            ; --          ; --             ;
; SEARCH_PATH                         ; ddr2_high_performance_controller-library   ; --            ; --          ; --             ;
+-------------------------------------+--------------------------------------------+---------------+-------------+----------------+


+-------------------------------------------------------------------------------------------------------------------------------+
; Flow Elapsed Time                                                                                                             ;
+---------------------------+--------------+-------------------------+---------------------+------------------------------------+
; Module Name               ; Elapsed Time ; Average Processors Used ; Peak Virtual Memory ; Total CPU Time (on all processors) ;
+---------------------------+--------------+-------------------------+---------------------+------------------------------------+
; Analysis & Synthesis      ; 00:01:02     ; 1.0                     ; 861 MB              ; 00:01:28                           ;
; Fitter                    ; 00:00:08     ; 1.0                     ; 870 MB              ; 00:00:08                           ;
; Fitter                    ; 00:00:08     ; 1.0                     ; 877 MB              ; 00:00:07                           ;
; Fitter                    ; 00:00:08     ; 1.0                     ; 876 MB              ; 00:00:08                           ;
; Fitter                    ; 00:00:08     ; 1.0                     ; 875 MB              ; 00:00:08                           ;
; Fitter                    ; 00:00:22     ; 1.1                     ; 1531 MB             ; 00:00:30                           ;
; Assembler                 ; 00:00:02     ; 1.0                     ; 589 MB              ; 00:00:02                           ;
; TimeQuest Timing Analyzer ; 00:00:05     ; 1.2                     ; 744 MB              ; 00:00:05                           ;
; EDA Netlist Writer        ; 00:00:10     ; 1.0                     ; 613 MB              ; 00:00:10                           ;
; Total                     ; 00:02:13     ; --                      ; --                  ; 00:02:46                           ;
+---------------------------+--------------+-------------------------+---------------------+------------------------------------+


+-----------------------------------------------------------------------------------------+
; Flow OS Summary                                                                         ;
+---------------------------+------------------+------------+------------+----------------+
; Module Name               ; Machine Hostname ; OS Name    ; OS Version ; Processor type ;
+---------------------------+------------------+------------+------------+----------------+
; Analysis & Synthesis      ; Notebook         ; Windows 10 ; 10.0       ; x86_64         ;
; Fitter                    ; Notebook         ; Windows 10 ; 10.0       ; x86_64         ;
; Fitter                    ; Notebook         ; Windows 10 ; 10.0       ; x86_64         ;
; Fitter                    ; Notebook         ; Windows 10 ; 10.0       ; x86_64         ;
; Fitter                    ; Notebook         ; Windows 10 ; 10.0       ; x86_64         ;
; Fitter                    ; Notebook         ; Windows 10 ; 10.0       ; x86_64         ;
; Assembler                 ; Notebook         ; Windows 10 ; 10.0       ; x86_64         ;
; TimeQuest Timing Analyzer ; Notebook         ; Windows 10 ; 10.0       ; x86_64         ;
; EDA Netlist Writer        ; Notebook         ; Windows 10 ; 10.0       ; x86_64         ;
+---------------------------+------------------+------------+------------+----------------+


------------
; Flow Log ;
------------
quartus_map --read_settings_files=on --write_settings_files=off DDR2_control -c DDR2_control
quartus_fit --read_settings_files=off --write_settings_files=off DDR2_control -c DDR2_control
quartus_fit --read_settings_files=on --write_settings_files=off DDR2_control -c DDR2_control
quartus_fit --read_settings_files=on --write_settings_files=off DDR2_control -c DDR2_control
quartus_fit --read_settings_files=on --write_settings_files=off DDR2_control -c DDR2_control
quartus_fit --read_settings_files=on --write_settings_files=off DDR2_control -c DDR2_control
quartus_asm --read_settings_files=on --write_settings_files=off DDR2_control -c DDR2_control
quartus_sta DDR2_control -c DDR2_control
quartus_eda --read_settings_files=on --write_settings_files=off DDR2_control -c DDR2_control



