Flow report for LEDBlinking
Sat Feb 24 00:08:16 2018
Quartus Prime Version 17.0.0 Build 595 04/25/2017 SJ Standard Edition


---------------------
; Table of Contents ;
---------------------
  1. Legal Notice
  2. Flow Summary
  3. Flow Settings
  4. Flow Non-Default Global Settings
  5. Flow Elapsed Time
  6. Flow OS Summary
  7. Flow Log
  8. Flow Messages
  9. Flow Suppressed Messages



----------------
; Legal Notice ;
----------------
Copyright (C) 2017  Intel Corporation. All rights reserved.
Your use of Intel Corporation's design tools, logic functions 
and other software and tools, and its AMPP partner logic 
functions, and any output files from any of the foregoing 
(including device programming or simulation files), and any 
associated documentation or information are expressly subject 
to the terms and conditions of the Intel Program License 
Subscription Agreement, the Intel Quartus Prime License Agreement,
the Intel MegaCore Function License Agreement, or other 
applicable license agreement, including, without limitation, 
that your use is for the sole purpose of programming logic 
devices manufactured by Intel and sold by Intel or its 
authorized distributors.  Please refer to the applicable 
agreement for further details.



+--------------------------------------------------------------------------------------+
; Flow Summary                                                                         ;
+------------------------------------+-------------------------------------------------+
; Flow Status                        ; Successful - Sat Feb 24 00:08:16 2018           ;
; Quartus Prime Version              ; 17.0.0 Build 595 04/25/2017 SJ Standard Edition ;
; Revision Name                      ; LEDBlinking                                     ;
; Top-level Entity Name              ; LEDBlinking                                     ;
; Family                             ; Cyclone IV E                                    ;
; Device                             ; EP4CE22F17C8                                    ;
; Timing Models                      ; Final                                           ;
; Total logic elements               ; N/A until Partition Merge                       ;
;     Total combinational functions  ; N/A until Partition Merge                       ;
;     Dedicated logic registers      ; N/A until Partition Merge                       ;
; Total registers                    ; N/A until Partition Merge                       ;
; Total pins                         ; N/A until Partition Merge                       ;
; Total virtual pins                 ; N/A until Partition Merge                       ;
; Total memory bits                  ; N/A until Partition Merge                       ;
; Embedded Multiplier 9-bit elements ; N/A until Partition Merge                       ;
; Total PLLs                         ; N/A until Partition Merge                       ;
+------------------------------------+-------------------------------------------------+


+-----------------------------------------+
; Flow Settings                           ;
+-------------------+---------------------+
; Option            ; Setting             ;
+-------------------+---------------------+
; Start date & time ; 02/23/2018 23:32:15 ;
; Main task         ; Compilation         ;
; Revision Name     ; LEDBlinking         ;
+-------------------+---------------------+


+-----------------------------------------------------------------------------------------------------------------------------+
; Flow Non-Default Global Settings                                                                                            ;
+-------------------------------------+----------------------------------------+---------------+-------------+----------------+
; Assignment Name                     ; Value                                  ; Default Value ; Entity Name ; Section Id     ;
+-------------------------------------+----------------------------------------+---------------+-------------+----------------+
; COMPILER_SIGNATURE_ID               ; 171921335903186.151939993517888        ; --            ; --          ; --             ;
; EDA_OUTPUT_DATA_FORMAT              ; Verilog Hdl                            ; --            ; --          ; eda_simulation ;
; EDA_SIMULATION_TOOL                 ; ModelSim-Altera (Verilog)              ; <None>        ; --          ; --             ;
; EDA_TIME_SCALE                      ; 1 ps                                   ; --            ; --          ; eda_simulation ;
; MAX_CORE_JUNCTION_TEMP              ; 85                                     ; --            ; --          ; --             ;
; MIN_CORE_JUNCTION_TEMP              ; 0                                      ; --            ; --          ; --             ;
; MISC_FILE                           ; PLL_controll_inst.v                    ; --            ; --          ; --             ;
; MISC_FILE                           ; PLL_controll_bb.v                      ; --            ; --          ; --             ;
; MISC_FILE                           ; PLL_controll.ppf                       ; --            ; --          ; --             ;
; OUTPUT_IO_TIMING_FAR_END_VMEAS      ; Half Signal Swing                      ; --            ; --          ; --             ;
; OUTPUT_IO_TIMING_FAR_END_VMEAS      ; Half Signal Swing                      ; --            ; --          ; --             ;
; OUTPUT_IO_TIMING_NEAR_END_VMEAS     ; Half Vccio                             ; --            ; --          ; --             ;
; OUTPUT_IO_TIMING_NEAR_END_VMEAS     ; Half Vccio                             ; --            ; --          ; --             ;
; PARTITION_COLOR                     ; -- (Not supported for targeted family) ; --            ; --          ; Top            ;
; PARTITION_FITTER_PRESERVATION_LEVEL ; -- (Not supported for targeted family) ; --            ; --          ; Top            ;
; PARTITION_NETLIST_TYPE              ; -- (Not supported for targeted family) ; --            ; --          ; Top            ;
; PROJECT_OUTPUT_DIRECTORY            ; output_files                           ; --            ; --          ; --             ;
+-------------------------------------+----------------------------------------+---------------+-------------+----------------+


+----------------------------------------------------------------------------------------------------------------------------+
; Flow Elapsed Time                                                                                                          ;
+------------------------+--------------+-------------------------+---------------------+------------------------------------+
; Module Name            ; Elapsed Time ; Average Processors Used ; Peak Virtual Memory ; Total CPU Time (on all processors) ;
+------------------------+--------------+-------------------------+---------------------+------------------------------------+
; Analysis & Elaboration ; 00:00:11     ; 1.0                     ; 608 MB              ; 00:00:24                           ;
; EDA Netlist Writer     ; 00:00:02     ; 1.0                     ; 511 MB              ; 00:00:01                           ;
; EDA Netlist Writer     ; 00:00:01     ; 1.0                     ; 526 MB              ; 00:00:01                           ;
; EDA Netlist Writer     ; 00:00:01     ; 1.0                     ; 511 MB              ; 00:00:01                           ;
; EDA Netlist Writer     ; 00:00:01     ; 1.0                     ; 520 MB              ; 00:00:01                           ;
; EDA Netlist Writer     ; 00:00:00     ; 1.0                     ; 511 MB              ; 00:00:01                           ;
; EDA Netlist Writer     ; 00:00:00     ; 1.0                     ; 520 MB              ; 00:00:01                           ;
; EDA Netlist Writer     ; 00:00:01     ; 1.0                     ; 511 MB              ; 00:00:01                           ;
; EDA Netlist Writer     ; 00:00:01     ; 1.0                     ; 529 MB              ; 00:00:01                           ;
; EDA Netlist Writer     ; 00:00:01     ; 1.0                     ; 511 MB              ; 00:00:01                           ;
; EDA Netlist Writer     ; 00:00:00     ; 1.0                     ; 520 MB              ; 00:00:01                           ;
; EDA Netlist Writer     ; 00:00:00     ; 1.0                     ; 511 MB              ; 00:00:01                           ;
; EDA Netlist Writer     ; 00:00:01     ; 1.0                     ; 511 MB              ; 00:00:01                           ;
; EDA Netlist Writer     ; 00:00:01     ; 1.0                     ; 520 MB              ; 00:00:01                           ;
; EDA Netlist Writer     ; 00:00:00     ; 1.0                     ; 511 MB              ; 00:00:01                           ;
; EDA Netlist Writer     ; 00:00:00     ; 1.0                     ; 520 MB              ; 00:00:01                           ;
; EDA Netlist Writer     ; 00:00:00     ; 1.0                     ; 511 MB              ; 00:00:01                           ;
; EDA Netlist Writer     ; 00:00:00     ; 1.0                     ; 520 MB              ; 00:00:01                           ;
; EDA Netlist Writer     ; 00:00:01     ; 1.0                     ; 526 MB              ; 00:00:01                           ;
; EDA Netlist Writer     ; 00:00:00     ; 1.0                     ; 513 MB              ; 00:00:01                           ;
; Total                  ; 00:00:22     ; --                      ; --                  ; 00:00:43                           ;
+------------------------+--------------+-------------------------+---------------------+------------------------------------+


+--------------------------------------------------------------------------------------+
; Flow OS Summary                                                                      ;
+------------------------+------------------+------------+------------+----------------+
; Module Name            ; Machine Hostname ; OS Name    ; OS Version ; Processor type ;
+------------------------+------------------+------------+------------+----------------+
; Analysis & Elaboration ; Notebook         ; Windows 10 ; 10.0       ; x86_64         ;
; EDA Netlist Writer     ; Notebook         ; Windows 10 ; 10.0       ; x86_64         ;
; EDA Netlist Writer     ; Notebook         ; Windows 10 ; 10.0       ; x86_64         ;
; EDA Netlist Writer     ; Notebook         ; Windows 10 ; 10.0       ; x86_64         ;
; EDA Netlist Writer     ; Notebook         ; Windows 10 ; 10.0       ; x86_64         ;
; EDA Netlist Writer     ; Notebook         ; Windows 10 ; 10.0       ; x86_64         ;
; EDA Netlist Writer     ; Notebook         ; Windows 10 ; 10.0       ; x86_64         ;
; EDA Netlist Writer     ; Notebook         ; Windows 10 ; 10.0       ; x86_64         ;
; EDA Netlist Writer     ; Notebook         ; Windows 10 ; 10.0       ; x86_64         ;
; EDA Netlist Writer     ; Notebook         ; Windows 10 ; 10.0       ; x86_64         ;
; EDA Netlist Writer     ; Notebook         ; Windows 10 ; 10.0       ; x86_64         ;
; EDA Netlist Writer     ; Notebook         ; Windows 10 ; 10.0       ; x86_64         ;
; EDA Netlist Writer     ; Notebook         ; Windows 10 ; 10.0       ; x86_64         ;
; EDA Netlist Writer     ; Notebook         ; Windows 10 ; 10.0       ; x86_64         ;
; EDA Netlist Writer     ; Notebook         ; Windows 10 ; 10.0       ; x86_64         ;
; EDA Netlist Writer     ; Notebook         ; Windows 10 ; 10.0       ; x86_64         ;
; EDA Netlist Writer     ; Notebook         ; Windows 10 ; 10.0       ; x86_64         ;
; EDA Netlist Writer     ; Notebook         ; Windows 10 ; 10.0       ; x86_64         ;
; EDA Netlist Writer     ; Notebook         ; Windows 10 ; 10.0       ; x86_64         ;
; EDA Netlist Writer     ; Notebook         ; Windows 10 ; 10.0       ; x86_64         ;
+------------------------+------------------+------------+------------+----------------+


------------
; Flow Log ;
------------
quartus_map --read_settings_files=on --write_settings_files=off LEDBlinking -c LEDBlinking --analysis_and_elaboration
quartus_eda --gen_testbench --tool=modelsim_oem --format=verilog --write_settings_files=off LEDBlinking -c LEDBlinking --vector_source=E:/Git_FPGA/LEDBlinking/Waveform.vwf --testbench_file=E:/Git_FPGA/LEDBlinking/simulation/qsim/Waveform.vwf.vt
quartus_eda --write_settings_files=off --simulation=on --functional=off --flatten_buses=off --timescale=1ps --tool=modelsim_oem --format=verilog --output_directory=E:/Git_FPGA/LEDBlinking/simulation/qsim/ LEDBlinking -c LEDBlinking
quartus_eda --gen_testbench --tool=modelsim_oem --format=verilog --write_settings_files=off LEDBlinking -c LEDBlinking --vector_source=E:/Git_FPGA/LEDBlinking/Waveform.vwf --testbench_file=E:/Git_FPGA/LEDBlinking/simulation/qsim/Waveform.vwf.vt
quartus_eda --write_settings_files=off --simulation=on --functional=on --flatten_buses=off --tool=modelsim_oem --format=verilog --output_directory=E:/Git_FPGA/LEDBlinking/simulation/qsim/ LEDBlinking -c LEDBlinking
quartus_eda --gen_testbench --tool=modelsim_oem --format=verilog --write_settings_files=off LEDBlinking -c LEDBlinking --vector_source=E:/Git_FPGA/LEDBlinking/Waveform.vwf --testbench_file=E:/Git_FPGA/LEDBlinking/simulation/qsim/Waveform.vwf.vt
quartus_eda --write_settings_files=off --simulation=on --functional=on --flatten_buses=off --tool=modelsim_oem --format=verilog --output_directory=E:/Git_FPGA/LEDBlinking/simulation/qsim/ LEDBlinking -c LEDBlinking
quartus_eda --gen_testbench --tool=modelsim_oem --format=verilog --write_settings_files=off LEDBlinking -c LEDBlinking --vector_source=E:/Git_FPGA/LEDBlinking/Waveform.vwf --testbench_file=E:/Git_FPGA/LEDBlinking/simulation/qsim/Waveform.vwf.vt
quartus_eda --write_settings_files=off --simulation=on --functional=off --flatten_buses=off --timescale=1ps --tool=modelsim_oem --format=verilog --output_directory=E:/Git_FPGA/LEDBlinking/simulation/qsim/ LEDBlinking -c LEDBlinking
quartus_eda --gen_testbench --tool=modelsim_oem --format=verilog --write_settings_files=off LEDBlinking -c LEDBlinking --vector_source=E:/Git_FPGA/LEDBlinking/Waveform.vwf --testbench_file=E:/Git_FPGA/LEDBlinking/simulation/qsim/Waveform.vwf.vt
quartus_eda --write_settings_files=off --simulation=on --functional=on --flatten_buses=off --tool=modelsim_oem --format=verilog --output_directory=E:/Git_FPGA/LEDBlinking/simulation/qsim/ LEDBlinking -c LEDBlinking
quartus_eda --gen_testbench --tool=modelsim_oem --format=verilog --write_settings_files=off LEDBlinking -c LEDBlinking --vector_source=E:/Git_FPGA/LEDBlinking/Waveform.vwf --testbench_file=E:/Git_FPGA/LEDBlinking/simulation/modelsim/Waveform.vwf.vt
quartus_eda --gen_testbench --tool=modelsim_oem --format=verilog --write_settings_files=off LEDBlinking -c LEDBlinking --vector_source=E:/Git_FPGA/LEDBlinking/Waveform.vwf --testbench_file=E:/Git_FPGA/LEDBlinking/simulation/qsim/Waveform.vwf.vt
quartus_eda --write_settings_files=off --simulation=on --functional=on --flatten_buses=off --tool=modelsim_oem --format=verilog --output_directory=E:/Git_FPGA/LEDBlinking/simulation/qsim/ LEDBlinking -c LEDBlinking
quartus_eda --gen_testbench --tool=modelsim_oem --format=verilog --write_settings_files=off LEDBlinking -c LEDBlinking --vector_source=E:/Git_FPGA/LEDBlinking/Waveform.vwf --testbench_file=E:/Git_FPGA/LEDBlinking/simulation/qsim/Waveform.vwf.vt
quartus_eda --write_settings_files=off --simulation=on --functional=on --flatten_buses=off --tool=modelsim_oem --format=verilog --output_directory=E:/Git_FPGA/LEDBlinking/simulation/qsim/ LEDBlinking -c LEDBlinking
quartus_eda --gen_testbench --tool=modelsim_oem --format=verilog --write_settings_files=off LEDBlinking -c LEDBlinking --vector_source=E:/Git_FPGA/LEDBlinking/Waveform.vwf --testbench_file=E:/Git_FPGA/LEDBlinking/simulation/qsim/Waveform.vwf.vt
quartus_eda --write_settings_files=off --simulation=on --functional=on --flatten_buses=off --tool=modelsim_oem --format=verilog --output_directory=E:/Git_FPGA/LEDBlinking/simulation/qsim/ LEDBlinking -c LEDBlinking
quartus_eda --read_settings_files=on --write_settings_files=off LEDBlinking -c LEDBlinking
quartus_eda --read_settings_files=on --write_settings_files=off LEDBlinking -c LEDBlinking --gen_testbench



